<?xml version="1.0" encoding="utf-8"?><testsuites><testsuite name="pytest" errors="0" failures="0" skipped="0" tests="3" time="65.681" timestamp="2021-01-06T16:19:20.727072" hostname="DESKTOP-8O8TDU6"><testcase classname="test_HomePage.TestHomePage" name="test_formSubmission[getData0]" time="30.276" /><testcase classname="test_HomePage.TestHomePage" name="test_formSubmission[getData1]" time="0.926" /><testcase classname="test_e2e.TestOne" name="test_e2e" time="28.571" /></testsuite></testsuites>